1532776965 | http://localhost/index.php | /index.php <br> 
1532786702 | http://localhost/index.php | /index.php?id=log <br> 
1532786705 | http://localhost/index.php?id=log | /index.php?id=gbook <br> 
1532786708 | http://localhost/index.php?id=gbook | /index.php?id=log <br> 
1532786744 | http://localhost/index.php?id=log | /index.php?id=log <br> 
1532786745 | http://localhost/index.php?id=log | /index.php?id=log <br> 
1532786765 | http://localhost/index.php?id=log | /index.php?id=gbook <br> 
1532786766 | http://localhost/index.php?id=gbook | /index.php?id=log <br> 
1532786880 | http://localhost/index.php?id=gbook | /index.php?id=log <br> 
1532786882 | http://localhost/index.php?id=gbook | /index.php?id=log <br> 
1532786884 | http://localhost/index.php?id=log | /index.php <br> 
1532850526 | http://localhost/index.php | /index.php?id=log <br> 
1532850528 | http://localhost/index.php | /index.php?id=log <br> 
1532856381 | http://localhost/ | /files/ <br> 
1532856382 | http://localhost/files/ | /files/index.php <br> 
1532856383 | http://localhost/files/index.php | /files/index.php?id=contact <br> 
1532856384 | http://localhost/files/index.php?id=contact | /files/index.php?id=about <br> 
1532856385 | http://localhost/files/index.php?id=about | /files/index.php?id=info <br> 
1532856565 |  | / <br> 
1532856847 |  | / <br> 
1532856849 | http://localhost/ | /index.php <br> 
1532856851 | http://localhost/index.php | /index.php?id=contact <br> 
1532856852 | http://localhost/index.php?id=contact | /index.php?id=about <br> 
1532856854 | http://localhost/index.php?id=about | /index.php <br> 
1532856856 | http://localhost/index.php | /index.php?id=contact <br> 
1532856857 | http://localhost/index.php?id=contact | /index.php?id=about <br> 
1532856858 | http://localhost/index.php?id=about | /index.php?id=info <br> 
1532856860 | http://localhost/test/index.php | /index.php <br> 
1532856861 | http://localhost/index.php | /index.php?id=gbook <br> 
1532857037 | http://localhost/index.php | /index.php?id=gbook <br> 
1532857040 | http://localhost/index.php | /index.php?id=gbook <br> 
1532857040 | http://localhost/index.php | /index.php?id=gbook <br> 
1532857041 | http://localhost/index.php | /index.php?id=gbook <br> 
1532857041 | http://localhost/index.php | /index.php?id=gbook <br> 
1532857041 | http://localhost/index.php | /index.php?id=gbook <br> 
1532857042 | http://localhost/index.php | /index.php?id=gbook <br> 
1532857042 | http://localhost/index.php | /index.php?id=gbook <br> 
1532857043 | http://localhost/index.php | /index.php?id=gbook <br> 
1532857043 | http://localhost/index.php | /index.php?id=gbook <br> 
1532857043 | http://localhost/index.php | /index.php?id=gbook <br> 
1532857044 | http://localhost/index.php | /index.php?id=gbook <br> 
1532857044 | http://localhost/index.php | /index.php?id=gbook <br> 
1532857046 | http://localhost/index.php?id=gbook | /index.php?id=gbook <br> 
1532857047 | http://localhost/index.php?id=gbook | /index.php?id=gbook <br> 
1532857047 | http://localhost/index.php?id=gbook | /index.php?id=gbook <br> 
1532857047 | http://localhost/index.php?id=gbook | /index.php?id=gbook <br> 
1532857048 | http://localhost/index.php?id=gbook | /index.php?id=gbook <br> 
1532857063 | http://localhost/index.php?id=gbook | /index.php?id=gbook <br> 
1532857079 | http://localhost/index.php?id=gbook | /index.php?id=gbook <br> 
1532857503 | http://localhost/index.php?id=gbook | /index.php?id=gbook <br> 
1532857530 | http://localhost/index.php?id=gbook | /index.php?id=gbook <br> 
1532858614 | http://localhost/index.php?id=gbook | /index.php?id=gbook <br> 
1532858615 | http://localhost/index.php?id=gbook | /index.php?id=gbook <br> 
1532858650 | http://localhost/index.php?id=gbook | /index.php?id=gbook <br> 
1532858815 | http://localhost/index.php?id=gbook | /index.php?id=gbook <br> 
1532858821 | http://localhost/index.php?id=gbook | /index.php?id=gbook <br> 
1532858875 | http://localhost/index.php?id=gbook | /index.php?id=gbook <br> 
1532858879 | http://localhost/index.php?id=gbook | /index.php?id=gbook <br> 
1532858880 | http://localhost/index.php?id=gbook | /index.php?id=gbook <br> 
1532858886 | http://localhost/index.php?id=gbook | /index.php?id=gbook <br> 
1532858989 | http://localhost/index.php?id=gbook | /index.php?id=gbook <br> 
1532859311 | http://localhost/index.php?id=gbook | /index.php?id=gbook <br> 
1532859359 | http://localhost/index.php?id=gbook | /index.php?id=gbook <br> 
1532859361 | http://localhost/index.php?id=gbook | /index.php?id=gbook <br> 
1532859660 | http://localhost/index.php?id=gbook | /index.php?id=gbook <br> 
1532859664 | http://localhost/index.php?id=gbook | /index.php?id=gbook <br> 
1532859671 | http://localhost/index.php?id=gbook | /index.php?id=gbook <br> 
1532860061 | http://localhost/index.php?id=gbook | /index.php?id=gbook <br> 
1532860061 | http://localhost/index.php?id=gbook | /index.php?id=gbook <br> 
1532860061 | http://localhost/index.php?id=gbook | /index.php?id=gbook <br> 
1532860061 | http://localhost/index.php?id=gbook | /index.php?id=gbook <br> 
1532860061 | http://localhost/index.php?id=gbook | /index.php?id=gbook <br> 
1532860061 | http://localhost/index.php?id=gbook | /index.php?id=gbook <br> 
1532860061 | http://localhost/index.php?id=gbook | /index.php?id=gbook <br> 
1532860061 | http://localhost/index.php?id=gbook | /index.php?id=gbook <br> 
1532860061 | http://localhost/index.php?id=gbook | /index.php?id=gbook <br> 
1532860061 | http://localhost/index.php?id=gbook | /index.php?id=gbook <br> 
1532860061 | http://localhost/index.php?id=gbook | /index.php?id=gbook <br> 
1532860061 | http://localhost/index.php?id=gbook | /index.php?id=gbook <br> 
1532860061 | http://localhost/index.php?id=gbook | /index.php?id=gbook <br> 
1532860061 | http://localhost/index.php?id=gbook | /index.php?id=gbook <br> 
1532860061 | http://localhost/index.php?id=gbook | /index.php?id=gbook <br> 
1532860061 | http://localhost/index.php?id=gbook | /index.php?id=gbook <br> 
1532860061 | http://localhost/index.php?id=gbook | /index.php?id=gbook <br> 
1532860061 | http://localhost/index.php?id=gbook | /index.php?id=gbook <br> 
1532860061 | http://localhost/index.php?id=gbook | /index.php?id=gbook <br> 
1532860061 | http://localhost/index.php?id=gbook | /index.php?id=gbook <br> 
1532860061 | http://localhost/index.php?id=gbook | /index.php?id=gbook <br> 
1532860075 | http://localhost/index.php?id=gbook | /index.php?id=gbook <br> 
1532860075 | http://localhost/index.php?id=gbook | /index.php?id=gbook <br> 
1532860075 | http://localhost/index.php?id=gbook | /index.php?id=gbook <br> 
1532860075 | http://localhost/index.php?id=gbook | /index.php?id=gbook <br> 
1532860075 | http://localhost/index.php?id=gbook | /index.php?id=gbook <br> 
1532860075 | http://localhost/index.php?id=gbook | /index.php?id=gbook <br> 
1532860075 | http://localhost/index.php?id=gbook | /index.php?id=gbook <br> 
1532860075 | http://localhost/index.php?id=gbook | /index.php?id=gbook <br> 
1532860075 | http://localhost/index.php?id=gbook | /index.php?id=gbook <br> 
1532860075 | http://localhost/index.php?id=gbook | /index.php?id=gbook <br> 
1532860075 | http://localhost/index.php?id=gbook | /index.php?id=gbook <br> 
1532860075 | http://localhost/index.php?id=gbook | /index.php?id=gbook <br> 
1532860075 | http://localhost/index.php?id=gbook | /index.php?id=gbook <br> 
1532860075 | http://localhost/index.php?id=gbook | /index.php?id=gbook <br> 
1532860075 | http://localhost/index.php?id=gbook | /index.php?id=gbook <br> 
1532860075 | http://localhost/index.php?id=gbook | /index.php?id=gbook <br> 
1532860075 | http://localhost/index.php?id=gbook | /index.php?id=gbook <br> 
1532860075 | http://localhost/index.php?id=gbook | /index.php?id=gbook <br> 
1532860075 | http://localhost/index.php?id=gbook | /index.php?id=gbook <br> 
1532860075 | http://localhost/index.php?id=gbook | /index.php?id=gbook <br> 
1532860075 | http://localhost/index.php?id=gbook | /index.php?id=gbook <br> 
1532860079 | http://localhost/index.php?id=gbook | /index.php?id=gbook <br> 
1532860079 | http://localhost/index.php?id=gbook | /index.php?id=gbook <br> 
1532860079 | http://localhost/index.php?id=gbook | /index.php?id=gbook <br> 
1532860079 | http://localhost/index.php?id=gbook | /index.php?id=gbook <br> 
1532860080 | http://localhost/index.php?id=gbook | /index.php?id=gbook <br> 
1532860080 | http://localhost/index.php?id=gbook | /index.php?id=gbook <br> 
1532860080 | http://localhost/index.php?id=gbook | /index.php?id=gbook <br> 
1532860080 | http://localhost/index.php?id=gbook | /index.php?id=gbook <br> 
1532860080 | http://localhost/index.php?id=gbook | /index.php?id=gbook <br> 
1532860080 | http://localhost/index.php?id=gbook | /index.php?id=gbook <br> 
1532860080 | http://localhost/index.php?id=gbook | /index.php?id=gbook <br> 
1532860080 | http://localhost/index.php?id=gbook | /index.php?id=gbook <br> 
1532860080 | http://localhost/index.php?id=gbook | /index.php?id=gbook <br> 
1532860080 | http://localhost/index.php?id=gbook | /index.php?id=gbook <br> 
1532860080 | http://localhost/index.php?id=gbook | /index.php?id=gbook <br> 
1532860080 | http://localhost/index.php?id=gbook | /index.php?id=gbook <br> 
1532860080 | http://localhost/index.php?id=gbook | /index.php?id=gbook <br> 
1532860080 | http://localhost/index.php?id=gbook | /index.php?id=gbook <br> 
1532860080 | http://localhost/index.php?id=gbook | /index.php?id=gbook <br> 
1532860080 | http://localhost/index.php?id=gbook | /index.php?id=gbook <br> 
1532860080 | http://localhost/index.php?id=gbook | /index.php?id=gbook <br> 
1532860083 | http://localhost/index.php?id=gbook | /index.php?id=gbook <br> 
1532860083 | http://localhost/index.php?id=gbook | /index.php?id=gbook <br> 
1532860083 | http://localhost/index.php?id=gbook | /index.php?id=gbook <br> 
1532860083 | http://localhost/index.php?id=gbook | /index.php?id=gbook <br> 
1532860083 | http://localhost/index.php?id=gbook | /index.php?id=gbook <br> 
1532860083 | http://localhost/index.php?id=gbook | /index.php?id=gbook <br> 
1532860083 | http://localhost/index.php?id=gbook | /index.php?id=gbook <br> 
1532860083 | http://localhost/index.php?id=gbook | /index.php?id=gbook <br> 
1532860083 | http://localhost/index.php?id=gbook | /index.php?id=gbook <br> 
1532860083 | http://localhost/index.php?id=gbook | /index.php?id=gbook <br> 
1532860083 | http://localhost/index.php?id=gbook | /index.php?id=gbook <br> 
1532860083 | http://localhost/index.php?id=gbook | /index.php?id=gbook <br> 
1532860083 | http://localhost/index.php?id=gbook | /index.php?id=gbook <br> 
1532860083 | http://localhost/index.php?id=gbook | /index.php?id=gbook <br> 
1532860083 | http://localhost/index.php?id=gbook | /index.php?id=gbook <br> 
1532860083 | http://localhost/index.php?id=gbook | /index.php?id=gbook <br> 
1532860083 | http://localhost/index.php?id=gbook | /index.php?id=gbook <br> 
1532860083 | http://localhost/index.php?id=gbook | /index.php?id=gbook <br> 
1532860083 | http://localhost/index.php?id=gbook | /index.php?id=gbook <br> 
1532860083 | http://localhost/index.php?id=gbook | /index.php?id=gbook <br> 
1532860083 | http://localhost/index.php?id=gbook | /index.php?id=gbook <br> 
1532860237 | http://localhost/index.php?id=gbook | /index.php?id=gbook <br> 
1532860237 | http://localhost/index.php?id=gbook | /index.php <br> 
1532860244 | http://localhost/index.php | /index.php?id=gbook <br> 
1532860244 | http://localhost/index.php | /index.php <br> 
1532860245 | http://localhost/index.php | /index.php?id=gbook <br> 
1532860245 | http://localhost/index.php | /index.php <br> 
1532860247 | http://localhost/index.php | /index.php?id=gbook <br> 
1532860247 | http://localhost/index.php | /index.php <br> 
1532860247 | http://localhost/index.php | /index.php?id=gbook <br> 
1532860247 | http://localhost/index.php | /index.php <br> 
1532860249 | http://localhost/index.php | /index.php?id=gbook <br> 
1532860249 | http://localhost/index.php | /index.php <br> 
1532860251 | http://localhost/index.php | /index.php?id=gbook <br> 
1532860251 | http://localhost/index.php | /index.php <br> 
1532860269 | http://localhost/index.php | /index.php?id=gbook <br> 
1532860271 | http://localhost/index.php | /index.php?id=gbook <br> 
1532860272 | http://localhost/index.php | /index.php?id=gbook <br> 
1532860272 | http://localhost/index.php | /index.php?id=gbook <br> 
1532860273 | http://localhost/index.php | /index.php?id=gbook <br> 
1532860273 | http://localhost/index.php | /index.php?id=gbook <br> 
1532860274 | http://localhost/index.php | /index.php?id=gbook <br> 
1532860274 | http://localhost/index.php | /index.php?id=gbook <br> 
1532860274 | http://localhost/index.php | /index.php?id=gbook <br> 
1532860274 | http://localhost/index.php | /index.php?id=gbook <br> 
1532860274 | http://localhost/index.php | /index.php?id=gbook <br> 
1532860275 | http://localhost/index.php | /index.php?id=gbook <br> 
1532860275 | http://localhost/index.php | /index.php?id=gbook <br> 
1532860281 | http://localhost/index.php?id=gbook | /index.php?id=gbook <br> 
1532860281 | http://localhost/index.php?id=gbook | /index.php <br> 
1532860306 | http://localhost/index.php | /index.php?id=gbook <br> 
1532860568 | http://localhost/index.php | /index.php?id=gbook <br> 
1532860569 | http://localhost/index.php?id=gbook | /index.php?id=gbook <br> 
1532860570 | http://localhost/index.php?id=gbook | /index.php?id=log <br> 
1532860571 | http://localhost/index.php?id=log | /index.php?id=gbook <br> 
1532860576 | http://localhost/index.php?id=gbook | /index.php?id=gbook <br> 
1532860616 | http://localhost/index.php?id=gbook | /index.php?id=gbook <br> 
1532860616 | http://localhost/index.php?id=gbook | /index.php?id=gbook <br> 
1532860620 | http://localhost/index.php?id=gbook | /index.php?id=gbook <br> 
1532860621 | http://localhost/index.php?id=gbook | /index.php?id=gbook <br> 
1532860621 | http://localhost/index.php?id=gbook | /index.php?id=gbook <br> 
1532860622 | http://localhost/index.php?id=gbook | /index.php?id=gbook <br> 
1532860623 | http://localhost/index.php?id=gbook | /index.php?id=gbook <br> 
1532862870 | http://localhost/index.php?id=gbook | /index.php?id=gbook <br> 
1532862870 | http://localhost/index.php?id=gbook | /index.php?id=gbook <br> 
1532862872 | http://localhost/index.php?id=gbook | /index.php?id=gbook <br> 
1532862872 | http://localhost/index.php?id=gbook | /index.php?id=gbook <br> 
1532862873 | http://localhost/index.php?id=gbook | /index.php?id=gbook <br> 
1532862873 | http://localhost/index.php?id=gbook | /index.php?id=gbook <br> 
1532862873 | http://localhost/index.php?id=gbook | /index.php?id=gbook <br> 
1532862874 | http://localhost/index.php?id=gbook | /index.php?id=gbook <br> 
1532862874 | http://localhost/index.php?id=gbook | /index.php?id=gbook <br> 
1532862874 | http://localhost/index.php?id=gbook | /index.php?id=gbook <br> 
1532862879 | http://localhost/index.php?id=gbook | /index.php?id=gbook <br> 
1532862879 | http://localhost/index.php?id=gbook | /index.php?id=gbook <br> 
1532862888 | http://localhost/index.php?id=log | /index.php?id=gbook <br> 
1532862917 | http://localhost/index.php?id=log | /index.php?id=gbook <br> 
1532862944 | http://localhost/index.php?id=log | /index.php <br> 
1532862945 | http://localhost/index.php | /index.php?id=contact <br> 
1532862945 | http://localhost/index.php?id=contact | /index.php?id=about <br> 
1532862946 | http://localhost/index.php?id=about | /index.php?id=gbook <br> 
1532862948 | http://localhost/index.php?id=gbook | /index.php?id=gbook <br> 
1532862948 | http://localhost/index.php?id=gbook | /index.php?id=gbook <br> 
1532862949 | http://localhost/index.php?id=gbook | /index.php?id=gbook <br> 
1532862949 | http://localhost/index.php?id=gbook | /index.php?id=gbook <br> 
1532862949 | http://localhost/index.php?id=gbook | /index.php?id=gbook <br> 
1532862949 | http://localhost/index.php?id=gbook | /index.php?id=gbook <br> 
1532862949 | http://localhost/index.php?id=gbook | /index.php?id=gbook <br> 
1532862949 | http://localhost/index.php?id=gbook | /index.php?id=gbook <br> 
1532862949 | http://localhost/index.php?id=gbook | /index.php?id=gbook <br> 
1532862950 | http://localhost/index.php?id=gbook | /index.php?id=gbook <br> 
1532862950 | http://localhost/index.php?id=gbook | /index.php?id=gbook <br> 
1532862950 | http://localhost/index.php?id=gbook | /index.php?id=gbook <br> 
1532862957 | http://localhost/index.php?id=gbook | /index.php?id=gbook <br> 
1532862958 | http://localhost/index.php?id=gbook | /index.php?id=gbook <br> 
1532862958 | http://localhost/index.php?id=gbook | /index.php?id=gbook <br> 
1532862958 | http://localhost/index.php?id=gbook | /index.php?id=gbook <br> 
1532862958 | http://localhost/index.php?id=gbook | /index.php?id=gbook <br> 
1532862958 | http://localhost/index.php?id=gbook | /index.php?id=gbook <br> 
1532862959 | http://localhost/index.php?id=gbook | /index.php?id=gbook <br> 
1532862959 | http://localhost/index.php?id=gbook | /index.php?id=gbook <br> 
1532862959 | http://localhost/index.php?id=gbook | /index.php?id=gbook <br> 
1532862959 | http://localhost/index.php?id=gbook | /index.php?id=gbook <br> 
1532862959 | http://localhost/index.php?id=gbook | /index.php?id=gbook <br> 
1532862959 | http://localhost/index.php?id=gbook | /index.php?id=gbook <br> 
1532862960 | http://localhost/index.php?id=gbook | /index.php?id=gbook <br> 
1532862960 | http://localhost/index.php?id=gbook | /index.php?id=gbook <br> 
1532862960 | http://localhost/index.php?id=gbook | /index.php?id=gbook <br> 
1532862960 | http://localhost/index.php?id=gbook | /index.php?id=gbook <br> 
1532862960 | http://localhost/index.php?id=gbook | /index.php?id=gbook <br> 
1532862960 | http://localhost/index.php?id=gbook | /index.php?id=gbook <br> 
1532862961 | http://localhost/index.php?id=gbook | /index.php?id=gbook <br> 
1532862961 | http://localhost/index.php?id=gbook | /index.php?id=gbook <br> 
1532862961 | http://localhost/index.php?id=gbook | /index.php?id=gbook <br> 
1532862961 | http://localhost/index.php?id=gbook | /index.php?id=gbook <br> 
1532862961 | http://localhost/index.php?id=gbook | /index.php?id=gbook <br> 
1532862961 | http://localhost/index.php?id=gbook | /index.php?id=gbook <br> 
1532862962 | http://localhost/index.php?id=gbook | /index.php?id=gbook <br> 
1532862962 | http://localhost/index.php?id=gbook | /index.php?id=gbook <br> 
1532863029 | http://localhost/index.php?id=gbook | /index.php?id=gbook <br> 
1532863030 | http://localhost/index.php?id=gbook | /index.php?id=gbook <br> 
1532863030 | http://localhost/index.php?id=gbook | /index.php?id=gbook <br> 
1532863030 | http://localhost/index.php?id=gbook | /index.php?id=gbook <br> 
1532863031 | http://localhost/index.php?id=gbook | /index.php?id=gbook <br> 
1532863031 | http://localhost/index.php?id=gbook | /index.php?id=gbook <br> 
1532863031 | http://localhost/index.php?id=gbook | /index.php?id=gbook <br> 
1532863032 | http://localhost/index.php?id=gbook | /index.php?id=gbook <br> 
1532863033 | http://localhost/index.php?id=gbook | /index.php?id=gbook <br> 
1532863069 | http://localhost/index.php?id=gbook | /index.php?id=gbook <br> 
1532863106 | http://localhost/index.php?id=gbook | /index.php?id=gbook <br> 
1532863108 | http://localhost/index.php?id=gbook | /index.php?id=gbook <br> 
1532863109 | http://localhost/index.php?id=gbook | /index.php?id=gbook <br> 
1532863109 | http://localhost/index.php?id=gbook | /index.php?id=gbook <br> 
1532863109 | http://localhost/index.php?id=gbook | /index.php?id=gbook <br> 
1532863110 | http://localhost/index.php?id=gbook | /index.php?id=gbook <br> 
1532863110 | http://localhost/index.php?id=gbook | /index.php?id=gbook <br> 
1532863110 | http://localhost/index.php?id=gbook | /index.php?id=gbook <br> 
1532863110 | http://localhost/index.php?id=gbook | /index.php?id=gbook <br> 
1532863111 | http://localhost/index.php?id=gbook | /index.php?id=gbook <br> 
1532863111 | http://localhost/index.php?id=gbook | /index.php?id=gbook <br> 
1532863111 | http://localhost/index.php?id=gbook | /index.php?id=gbook <br> 
1532863111 | http://localhost/index.php?id=gbook | /index.php?id=gbook <br> 
1532863111 | http://localhost/index.php?id=gbook | /index.php?id=gbook <br> 
1532863111 | http://localhost/index.php?id=gbook | /index.php?id=gbook <br> 
1532863112 | http://localhost/index.php?id=gbook | /index.php?id=gbook <br> 
1532863133 | http://localhost/index.php?id=gbook | /index.php?id=gbook <br> 
1532863147 | http://localhost/index.php?id=gbook | /index.php?id=gbook <br> 
1532863248 | http://localhost/index.php?id=gbook | /index.php?id=gbook <br> 
1532863249 | http://localhost/index.php?id=gbook | /index.php?id=gbook <br> 
1532863249 | http://localhost/index.php?id=gbook | /index.php?id=gbook <br> 
1532863249 | http://localhost/index.php?id=gbook | /index.php?id=gbook <br> 
1532863251 | http://localhost/index.php?id=about | /index.php?id=log <br> 
1532863252 | http://localhost/index.php?id=log | /index.php?id=gbook <br> 
1532863280 | http://localhost/index.php?id=log | /index.php?id=gbook <br> 
1532863283 | http://localhost/index.php?id=log | /index.php?id=gbook <br> 
1532863284 | http://localhost/index.php?id=gbook | /index.php?id=gbook <br> 
1532863285 | http://localhost/index.php?id=gbook | /index.php?id=log <br> 
1532863286 | http://localhost/index.php?id=log | /index.php?id=gbook <br> 
1532863502 | http://localhost/index.php?id=log | /index.php?id=gbook <br> 
1532863541 | http://localhost/index.php?id=log | /index.php?id=gbook <br> 
1532864264 | http://localhost/index.php?id=gbook | /index.php?id=gbook <br> 
1532864292 | http://localhost/index.php?id=gbook | /index.php?id=gbook <br> 
1532864313 | http://localhost/index.php?id=gbook | /index.php?id=gbook <br> 
1532864395 | http://localhost/index.php?id=gbook | /index.php?id=gbook <br> 
1532864519 | http://localhost/index.php?id=gbook | /index.php?id=gbook <br> 
1532864519 | http://localhost/index.php?id=gbook | /index.php?id=gbook <br> 
1532864547 | http://localhost/index.php?id=gbook | /index.php?id=gbook <br> 
1532864547 | http://localhost/index.php?id=gbook | /index.php?id=gbook <br> 
1532864579 | http://localhost/index.php?id=gbook | /index.php?id=gbook <br> 
1532864579 | http://localhost/index.php?id=gbook | /index.php?id=gbook <br> 
1532864598 | http://localhost/index.php?id=gbook | /index.php?id=gbook <br> 
1532864598 | http://localhost/index.php?id=gbook | /index.php?id=gbook <br> 
1532864607 | http://localhost/index.php?id=gbook | /index.php?id=gbook <br> 
1532864607 | http://localhost/index.php?id=gbook | /index.php?id=gbook <br> 
1532864633 | http://localhost/index.php?id=gbook | /index.php?id=gbook <br> 
1532864634 | http://localhost/index.php?id=gbook | /index.php?id=gbook <br> 
1532864649 | http://localhost/index.php?id=gbook | /index.php?id=gbook <br> 
1532864649 | http://localhost/index.php?id=gbook | /index.php?id=gbook <br> 
1532864710 | http://localhost/index.php?id=gbook | /index.php?id=gbook <br> 
1532864712 | http://localhost/index.php?id=gbook | /index.php?id=gbook <br> 
1532864727 | http://localhost/index.php?id=gbook | /index.php?id=gbook <br> 
1532864761 | http://localhost/index.php?id=gbook | /index.php?id=gbook <br> 
1532864833 | http://localhost/index.php?id=gbook | /index.php?id=gbook <br> 
1532865116 | http://localhost/index.php?id=gbook | /index.php?id=gbook <br> 
1532866626 | http://localhost/index.php?id=gbook | /index.php?id=gbook <br> 
1532866683 | http://localhost/index.php?id=gbook | /index.php?id=gbook <br> 
1532866683 | http://localhost/index.php?id=gbook | /index.php?id=gbook <br> 
1532866850 | http://localhost/index.php?id=gbook | /index.php?id=gbook <br> 
1532867235 | http://localhost/index.php?id=gbook | /index.php?id=gbook <br> 
1532867274 | http://localhost/index.php?id=gbook | /index.php?id=gbook <br> 
1532867301 | http://localhost/index.php?id=gbook | /index.php?id=gbook <br> 
1532867775 | http://localhost/index.php?id=gbook | /index.php?id=gbook <br> 
1532867795 | http://localhost/index.php?id=gbook | /index.php?id=gbook <br> 
1532867795 | http://localhost/index.php?id=gbook | /index.php?id=gbook <br> 
1532867874 | http://localhost/index.php?id=gbook | /index.php?id=gbook <br> 
1532868160 | http://localhost/index.php?id=gbook | /index.php?id=gbook <br> 
1532868163 | http://localhost/index.php?id=gbook | /index.php?id=gbook <br> 
1532868163 | http://localhost/index.php?id=gbook | /index.php?id=gbook <br> 
1532868164 | http://localhost/index.php?id=gbook | /index.php?id=gbook <br> 
1532868164 | http://localhost/index.php?id=gbook | /index.php?id=gbook <br> 
1532868164 | http://localhost/index.php?id=gbook | /index.php?id=gbook <br> 
1532868164 | http://localhost/index.php?id=gbook | /index.php?id=gbook <br> 
1532868165 | http://localhost/index.php?id=gbook | /index.php?id=gbook <br> 
1532868165 | http://localhost/index.php?id=gbook | /index.php?id=gbook <br> 
1532868165 | http://localhost/index.php?id=gbook | /index.php?id=gbook <br> 
1532868165 | http://localhost/index.php?id=gbook | /index.php?id=gbook <br> 
1532868166 | http://localhost/index.php?id=gbook | /index.php?id=gbook <br> 
1532868166 | http://localhost/index.php?id=gbook | /index.php?id=gbook <br> 
1532868166 | http://localhost/index.php?id=gbook | /index.php?id=gbook <br> 
1532868166 | http://localhost/index.php?id=gbook | /index.php?id=gbook <br> 
1532868166 | http://localhost/index.php?id=gbook | /index.php?id=gbook <br> 
1532868167 | http://localhost/index.php?id=gbook | /index.php?id=gbook <br> 
1532868167 | http://localhost/index.php?id=gbook | /index.php?id=gbook <br> 
1532868167 | http://localhost/index.php?id=gbook | /index.php?id=gbook <br> 
1532868167 | http://localhost/index.php?id=gbook | /index.php?id=gbook <br> 
1532868167 | http://localhost/index.php?id=gbook | /index.php?id=gbook <br> 
1532868167 | http://localhost/index.php?id=gbook | /index.php?id=gbook <br> 
1532868167 | http://localhost/index.php?id=gbook | /index.php?id=gbook <br> 
1532868168 | http://localhost/index.php?id=gbook | /index.php?id=gbook <br> 
1532868168 | http://localhost/index.php?id=gbook | /index.php?id=gbook <br> 
1532868168 | http://localhost/index.php?id=gbook | /index.php?id=gbook <br> 
1532868168 | http://localhost/index.php?id=gbook | /index.php?id=gbook <br> 
1532868169 | http://localhost/index.php?id=gbook | /index.php?id=gbook <br> 
1532868169 | http://localhost/index.php?id=gbook | /index.php?id=gbook <br> 
1532868169 | http://localhost/index.php?id=gbook | /index.php?id=gbook <br> 
1532868169 | http://localhost/index.php?id=gbook | /index.php?id=gbook <br> 
1532868169 | http://localhost/index.php?id=gbook | /index.php?id=gbook <br> 
1532868169 | http://localhost/index.php?id=gbook | /index.php?id=gbook <br> 
1532868170 | http://localhost/index.php?id=gbook | /index.php?id=gbook <br> 
1532868170 | http://localhost/index.php?id=gbook | /index.php?id=gbook <br> 
1532868170 | http://localhost/index.php?id=gbook | /index.php?id=gbook <br> 
1532868170 | http://localhost/index.php?id=gbook | /index.php?id=gbook <br> 
1532868170 | http://localhost/index.php?id=gbook | /index.php?id=gbook <br> 
1532868170 | http://localhost/index.php?id=gbook | /index.php?id=gbook <br> 
1532868172 | http://localhost/index.php?id=gbook | /index.php?id=gbook <br> 
1532868172 | http://localhost/index.php?id=gbook | /index.php?id=gbook <br> 
1532868173 | http://localhost/index.php?id=gbook | /index.php?id=gbook <br> 
1532868173 | http://localhost/index.php?id=gbook | /index.php?id=gbook <br> 
1532868173 | http://localhost/index.php?id=gbook | /index.php?id=gbook <br> 
1532868173 | http://localhost/index.php?id=gbook | /index.php?id=gbook <br> 
1532868208 | http://localhost/index.php?id=gbook | /index.php?id=gbook <br> 
1532868208 | http://localhost/index.php?id=gbook | /index.php?id=gbook <br> 
1532868213 | http://localhost/index.php?id=gbook | /index.php?id=gbook <br> 
1532868213 | http://localhost/index.php?id=gbook | /index.php?id=gbook <br> 
1532868216 | http://localhost/index.php?id=gbook | /index.php?id=gbook <br> 
1532868216 | http://localhost/index.php?id=gbook | /index.php?id=gbook <br> 
1532868217 | http://localhost/index.php?id=gbook | /index.php?id=gbook <br> 
1532868217 | http://localhost/index.php?id=gbook | /index.php?id=gbook <br> 
1532868219 | http://localhost/index.php?id=gbook | /index.php?id=gbook <br> 
1532868219 | http://localhost/index.php?id=gbook | /index.php?id=gbook <br> 
1532868220 | http://localhost/index.php?id=gbook | /index.php?id=gbook <br> 
1532868220 | http://localhost/index.php?id=gbook | /index.php?id=gbook <br> 
1532868222 | http://localhost/index.php?id=gbook | /index.php?id=gbook <br> 
1532868222 | http://localhost/index.php?id=gbook | /index.php?id=gbook <br> 
1532868361 | http://localhost/index.php?id=gbook | /index.php?id=gbook <br> 
1532868361 | http://localhost/index.php?id=gbook | /index.php?id=gbook <br> 
1532868371 | http://localhost/index.php?id=gbook | /index.php?id=gbook <br> 
1532868371 | http://localhost/index.php?id=gbook | /index.php?id=gbook <br> 
1532868491 | http://localhost/index.php?id=gbook | /index.php?id=gbook <br> 
1532868491 | http://localhost/index.php?id=gbook | /index.php?id=gbook <br> 
1532868531 | http://localhost/index.php?id=gbook | /index.php?id=gbook <br> 
1532868531 | http://localhost/index.php?id=gbook | /index.php?id=gbook <br> 
1532868543 | http://localhost/index.php?id=gbook | /index.php?id=gbook <br> 
1532868544 | http://localhost/index.php?id=gbook | /index.php?id=gbook <br> 
1532868544 | http://localhost/index.php?id=gbook | /index.php?id=gbook <br> 
1532868548 | http://localhost/index.php?id=gbook | /index.php?id=gbook <br> 
1532868548 | http://localhost/index.php?id=gbook | /index.php?id=gbook <br> 
1532868568 | http://localhost/index.php?id=gbook | /index.php?id=gbook <br> 
1532868568 | http://localhost/index.php?id=gbook | /index.php?id=gbook <br> 
1532868592 | http://localhost/index.php?id=gbook | /index.php?id=gbook <br> 
1532868592 | http://localhost/index.php?id=gbook | /index.php?id=gbook <br> 
1532868746 | http://localhost/index.php?id=gbook | /index.php?id=gbook <br> 
1532868755 | http://localhost/index.php?id=gbook | /index.php?id=gbook <br> 
1532868755 | http://localhost/index.php?id=gbook | /index.php?id=gbook <br> 
1532868763 | http://localhost/index.php?id=gbook | /index.php?id=gbook <br> 
1532868763 | http://localhost/index.php?id=gbook | /index.php?id=gbook <br> 
1532868817 | http://localhost/index.php?id=gbook | /index.php?id=gbook <br> 
1532868825 | http://localhost/index.php?id=gbook | /index.php?id=gbook <br> 
1532868830 | http://localhost/index.php?id=gbook | /index.php?id=gbook <br> 
1532868836 | http://localhost/index.php?id=gbook | /index.php?id=gbook <br> 
1532868845 | http://localhost/index.php?id=gbook | /index.php?id=gbook <br> 
1532868876 | http://localhost/index.php?id=gbook | /index.php?id=gbook <br> 
1532868884 | http://localhost/index.php?id=gbook | /index.php?id=gbook <br> 
1532868887 | http://localhost/index.php?id=gbook | /index.php?id=gbook <br> 
1532868898 | http://localhost/index.php?id=gbook | /index.php?id=gbook <br> 
1532868910 | http://localhost/index.php?id=gbook | /index.php?id=gbook <br> 
1532868928 | http://localhost/index.php?id=gbook | /index.php?id=gbook <br> 
1532868937 | http://localhost/index.php?id=gbook | /index.php?id=gbook <br> 
1532868941 | http://localhost/index.php?id=gbook | /index.php?id=gbook <br> 
1532868948 | http://localhost/index.php?id=gbook | /index.php?id=gbook <br> 
1532869001 | http://localhost/index.php?id=gbook | /index.php?id=gbook <br> 
1532869001 | http://localhost/index.php?id=gbook | /index.php?id=gbook <br> 
1532869021 | http://localhost/index.php?id=gbook | /index.php?id=gbook <br> 
1532869021 | http://localhost/index.php?id=gbook | /index.php?id=gbook <br> 
1532869117 | http://localhost/index.php?id=gbook | /index.php?id=gbook <br> 
1532869119 | http://localhost/index.php?id=gbook | /index.php?id=gbook <br> 
1532869120 | http://localhost/index.php?id=gbook | /index.php?id=gbook <br> 
1532869120 | http://localhost/index.php?id=gbook | /index.php?id=gbook <br> 
1532869120 | http://localhost/index.php?id=gbook | /index.php?id=gbook <br> 
1532869120 | http://localhost/index.php?id=gbook | /index.php?id=gbook <br> 
1532869121 | http://localhost/index.php?id=gbook | /index.php?id=gbook <br> 
1532869121 | http://localhost/index.php?id=gbook | /index.php?id=gbook <br> 
1532869121 | http://localhost/index.php?id=gbook | /index.php?id=gbook <br> 
1532869121 | http://localhost/index.php?id=gbook | /index.php?id=gbook <br> 
1532869122 | http://localhost/index.php?id=gbook | /index.php?id=gbook <br> 
1532869122 | http://localhost/index.php?id=gbook | /index.php?id=gbook <br> 
1532869123 | http://localhost/index.php?id=gbook | /index.php?id=gbook <br> 
1532869123 | http://localhost/index.php?id=gbook | /index.php?id=gbook <br> 
1532869123 | http://localhost/index.php?id=gbook | /index.php?id=gbook <br> 
1532869123 | http://localhost/index.php?id=gbook | /index.php?id=gbook <br> 
1532869123 | http://localhost/index.php?id=gbook | /index.php?id=gbook <br> 
1532869124 | http://localhost/index.php?id=gbook | /index.php?id=gbook <br> 
1532869124 | http://localhost/index.php?id=gbook | /index.php?id=gbook <br> 
1532869124 | http://localhost/index.php?id=gbook | /index.php?id=gbook <br> 
1532869124 | http://localhost/index.php?id=gbook | /index.php?id=gbook <br> 
1532869125 | http://localhost/index.php?id=gbook | /index.php?id=gbook <br> 
1532869126 | http://localhost/index.php?id=gbook | /index.php?id=gbook <br> 
1532869126 | http://localhost/index.php?id=gbook | /index.php?id=gbook <br> 
1532869126 | http://localhost/index.php?id=gbook | /index.php?id=gbook <br> 
1532869127 | http://localhost/index.php?id=gbook | /index.php?id=gbook <br> 
1532869127 | http://localhost/index.php?id=gbook | /index.php?id=gbook <br> 
1532869128 | http://localhost/index.php?id=gbook | /index.php <br> 
1532869129 | http://localhost/index.php | /index.php?id=log <br> 
1532869131 | http://localhost/index.php?id=log | /index.php?id=gbook <br> 
1532869135 | http://localhost/index.php?id=gbook | /index.php?id=log <br> 
1532869136 | http://localhost/index.php?id=log | /index.php?id=gbook <br> 
1532869136 | http://localhost/index.php?id=gbook | /index.php?id=log <br> 
1532869138 | http://localhost/index.php?id=log | /index.php <br> 
1532869139 | http://localhost/index.php | /index.php?id=log <br> 
1532869141 | http://localhost/index.php?id=log | /index.php?id=gbook <br> 
1532869142 | http://localhost/index.php?id=log | /index.php?id=gbook <br> 
1532869144 | http://localhost/index.php?id=gbook | /index.php?id=gbook <br> 
1532869144 | http://localhost/index.php?id=gbook | /index.php?id=gbook <br> 
1532869153 | http://localhost/index.php?id=gbook | /index.php?id=gbook <br> 
1532869153 | http://localhost/index.php?id=gbook | /index.php?id=gbook <br> 
1532869171 | http://localhost/index.php?id=gbook | /index.php?id=gbook <br> 
1532869171 | http://localhost/index.php?id=gbook | /index.php?id=gbook <br> 
1532869184 | http://localhost/index.php?id=gbook | /index.php?id=gbook <br> 
1532869184 | http://localhost/index.php?id=gbook | /index.php?id=gbook <br> 
1532871573 | http://localhost/index.php?id=gbook | /index.php <br> 
1532871576 | http://localhost/index.php | /index.php?id=gbook <br> 
1532871579 | http://localhost/index.php?id=gbook | /index.php <br> 
1532871581 | http://localhost/index.php | /index.php?id=gbook <br> 
1532871591 | http://localhost/index.php?id=gbook | /index.php?id=gbook <br> 
1532871591 | http://localhost/index.php?id=gbook | /index.php?id=gbook <br> 
1532871785 | http://localhost/test/index.php | /index.php <br> 
1532871787 | http://localhost/index.php | /index.php?id=gbook <br> 
1532871804 | http://localhost/index.php?id=gbook | /index.php <br> 
1532871805 | http://localhost/index.php | /index.php?id=gbook <br> 
1532871826 | http://localhost/index.php?id=gbook | /index.php?id=info <br> 
1532871828 | http://localhost/index.php?id=info | /index.php?id=gbook <br> 
1532871853 | http://localhost/index.php?id=gbook | /index.php?id=gbook <br> 
1532871853 | http://localhost/index.php?id=gbook | /index.php?id=gbook <br> 
1532871863 | http://localhost/index.php?id=gbook | /index.php?id=gbook <br> 
1532871863 | http://localhost/index.php?id=gbook | /index.php?id=gbook <br> 
1532871880 | http://localhost/index.php?id=gbook | /index.php?id=gbook <br> 
1532871882 | http://localhost/index.php?id=gbook | /index.php?id=gbook <br> 
1532871883 | http://localhost/index.php?id=gbook | /index.php?id=gbook <br> 
1532871883 | http://localhost/index.php?id=gbook | /index.php?id=gbook <br> 
1532871886 | http://localhost/index.php?id=gbook | /index.php?id=gbook <br> 
1532871886 | http://localhost/index.php?id=gbook | /index.php?id=gbook <br> 
1532871990 | http://localhost/index.php?id=gbook | /index.php?id=gbook <br> 
1532871990 | http://localhost/index.php?id=gbook | /index.php?id=gbook <br> 
1532871997 | http://localhost/index.php?id=gbook | /index.php?id=gbook <br> 
1532871999 | http://localhost/index.php?id=gbook | /index.php?id=gbook <br> 
1532871999 | http://localhost/index.php?id=gbook | /index.php?id=gbook <br> 
1532871999 | http://localhost/index.php?id=gbook | /index.php?id=gbook <br> 
1532872007 | http://localhost/index.php?id=gbook | /index.php?id=gbook <br> 
1532872007 | http://localhost/index.php?id=gbook | /index.php?id=gbook <br> 
1532872009 | http://localhost/index.php?id=gbook | /index.php?id=gbook <br> 
1532872010 | http://localhost/index.php?id=gbook | /index.php?id=gbook <br> 
1532872012 | http://localhost/index.php?id=gbook | /index.php?id=gbook <br> 
1532872012 | http://localhost/index.php?id=gbook | /index.php?id=gbook <br> 
1532872014 | http://localhost/index.php?id=gbook | /index.php?id=gbook <br> 
1532872014 | http://localhost/index.php?id=gbook | /index.php?id=gbook <br> 
1532872017 | http://localhost/index.php?id=gbook | /index.php?id=gbook <br> 
1532872017 | http://localhost/index.php?id=gbook | /index.php?id=gbook <br> 
1532872019 | http://localhost/index.php?id=gbook | /index.php?id=gbook <br> 
1532872019 | http://localhost/index.php?id=gbook | /index.php?id=gbook <br> 
1532872022 | http://localhost/index.php?id=gbook | /index.php?id=gbook <br> 
1532872022 | http://localhost/index.php?id=gbook | /index.php?id=gbook <br> 
1532872024 | http://localhost/index.php?id=gbook | /index.php?id=gbook <br> 
1532872024 | http://localhost/index.php?id=gbook | /index.php?id=gbook <br> 
1532872027 | http://localhost/index.php?id=gbook | /index.php?id=gbook <br> 
1532872027 | http://localhost/index.php?id=gbook | /index.php?id=gbook <br> 
1532872072 | http://localhost/index.php?id=gbook | /index.php?id=gbook <br> 
1532872083 | http://localhost/index.php?id=gbook | /index.php?id=gbook <br> 
1532872083 | http://localhost/index.php?id=gbook | /index.php?id=gbook <br> 
1532872119 | http://localhost/index.php?id=gbook | /index.php?id=gbook <br> 
1532872126 | http://localhost/index.php?id=gbook | /index.php?id=gbook <br> 
1532872319 | http://localhost/index.php?id=gbook | /index.php?id=gbook <br> 
1532872319 | http://localhost/index.php?id=gbook | /index.php?id=gbook <br> 
1532872332 | http://localhost/index.php?id=gbook | /index.php?id=gbook <br> 
1532872338 | http://localhost/index.php?id=gbook | /index.php?id=gbook <br> 
1532872344 | http://localhost/index.php?id=gbook | /index.php?id=gbook <br> 
1532872344 | http://localhost/index.php?id=gbook | /index.php?id=gbook <br> 
1532872359 | http://localhost/index.php?id=gbook | /index.php?id=gbook <br> 
1532872359 | http://localhost/index.php?id=gbook | /index.php?id=gbook <br> 
1532872370 | http://localhost/index.php?id=gbook | /index.php?id=gbook <br> 
1532872370 | http://localhost/index.php?id=gbook | /index.php?id=gbook <br> 
1532872535 | http://localhost/index.php?id=gbook | /index.php?id=gbook <br> 
1532872537 | http://localhost/index.php?id=gbook | /index.php?id=gbook <br> 
1532872550 | http://localhost/index.php?id=gbook | /index.php?id=gbook <br> 
1532872554 | http://localhost/index.php?id=gbook | /index.php?id=gbook <br> 
1532872554 | http://localhost/index.php?id=gbook | /index.php?id=gbook <br> 
1532872590 | http://localhost/index.php?id=gbook | /index.php?id=gbook <br> 
1532872590 | http://localhost/index.php?id=gbook | /index.php?id=gbook <br> 
1532872597 | http://localhost/index.php?id=gbook | /index.php?id=gbook <br> 
1532872597 | http://localhost/index.php?id=gbook | /index.php?id=gbook <br> 
1532872605 | http://localhost/index.php?id=gbook | /index.php?id=gbook <br> 
1532872605 | http://localhost/index.php?id=gbook | /index.php?id=gbook <br> 
1532872628 | http://localhost/index.php?id=gbook | /index.php?id=gbook <br> 
1532872629 | http://localhost/index.php?id=gbook | /index.php?id=gbook <br> 
1532872643 | http://localhost/index.php?id=gbook | /index.php?id=gbook <br> 
1532872695 | http://localhost/index.php?id=gbook | /index.php?id=gbook <br> 
1532872695 | http://localhost/index.php?id=gbook | /index.php?id=gbook <br> 
1532872708 | http://localhost/index.php?id=gbook | /index.php?id=gbook <br> 
1532872717 | http://localhost/index.php?id=gbook | /index.php?id=gbook <br> 
1532872717 | http://localhost/index.php?id=gbook | /index.php?id=gbook <br> 
1532872798 | http://localhost/index.php?id=gbook | /index.php?id=gbook <br> 
1532872799 | http://localhost/index.php?id=gbook | /index.php?id=gbook <br> 
1532873270 | http://localhost/index.php?id=gbook | /index.php?id=gbook <br> 
1532873271 | http://localhost/index.php?id=gbook | /index.php?id=gbook <br> 
1532873271 | http://localhost/index.php?id=gbook | /index.php?id=gbook <br> 
1532873272 | http://localhost/index.php?id=gbook | /index.php?id=gbook <br> 
1532873272 | http://localhost/index.php?id=gbook | /index.php?id=gbook <br> 
1532873272 | http://localhost/index.php?id=gbook | /index.php?id=gbook <br> 
1532873272 | http://localhost/index.php?id=gbook | /index.php?id=gbook <br> 
1532873273 | http://localhost/index.php?id=gbook | /index.php?id=gbook <br> 
1532873273 | http://localhost/index.php?id=gbook | /index.php?id=gbook <br> 
1532873273 | http://localhost/index.php?id=gbook | /index.php?id=gbook <br> 
1532873273 | http://localhost/index.php?id=gbook | /index.php?id=gbook <br> 
1532873277 | http://localhost/index.php?id=gbook | /index.php?id=gbook <br> 
1532873277 | http://localhost/index.php?id=gbook | /index.php?id=gbook <br> 
1532875813 | http://localhost/index.php?id=gbook | /index.php?id=gbook <br> 
1532876019 | http://localhost/index.php?id=gbook | /index.php?id=gbook <br> 
1532876180 | http://localhost/index.php?id=gbook | /index.php?id=gbook <br> 
1532876181 | http://localhost/index.php?id=gbook | /index.php?id=gbook <br> 
1532876181 | http://localhost/index.php?id=gbook | /index.php?id=gbook <br> 
1532876182 | http://localhost/index.php?id=gbook | /index.php?id=gbook <br> 
1532876183 | http://localhost/index.php?id=gbook | /index.php?id=gbook <br> 
1532876183 | http://localhost/index.php?id=gbook | /index.php?id=gbook <br> 
1532876183 | http://localhost/index.php?id=gbook | /index.php?id=gbook <br> 
1532876184 | http://localhost/index.php?id=gbook | /index.php?id=gbook <br> 
1532876184 | http://localhost/index.php?id=gbook | /index.php?id=gbook <br> 
1532876184 | http://localhost/index.php?id=gbook | /index.php?id=gbook <br> 
1532876185 | http://localhost/index.php?id=gbook | /index.php?id=gbook <br> 
1532876185 | http://localhost/index.php?id=gbook | /index.php?id=gbook <br> 
1532876186 | http://localhost/index.php?id=gbook | /index.php?id=gbook <br> 
1532876186 | http://localhost/index.php?id=gbook | /index.php?id=gbook <br> 
1532876187 | http://localhost/index.php?id=gbook | /index.php?id=gbook <br> 
1532876191 | http://localhost/index.php?id=info | /index.php <br> 
1532876192 | http://localhost/index.php | /index.php?id=contact <br> 
1532876193 | http://localhost/index.php?id=contact | /index.php?id=about <br> 
1532876193 | http://localhost/index.php?id=about | /index.php?id=info <br> 
1532876196 | http://localhost/test/index.php | /index.php <br> 
1532876197 | http://localhost/index.php | /index.php?id=gbook <br> 
1532876236 | http://localhost/index.php | /index.php?id=gbook <br> 
1532876236 | http://localhost/index.php | /index.php?id=gbook <br> 
1532876237 | http://localhost/index.php | /index.php?id=gbook <br> 
1532876237 | http://localhost/index.php | /index.php?id=gbook <br> 
1532876238 | http://localhost/index.php | /index.php?id=gbook <br> 
1532876238 | http://localhost/index.php | /index.php?id=gbook <br> 
1532876238 | http://localhost/index.php | /index.php?id=gbook <br> 
1532876239 | http://localhost/index.php | /index.php?id=gbook <br> 
1532876239 | http://localhost/index.php | /index.php?id=gbook <br> 
1532876240 | http://localhost/index.php | /index.php?id=gbook <br> 
1532876240 | http://localhost/index.php | /index.php?id=gbook <br> 
1532876266 | http://localhost/index.php | /index.php?id=gbook <br> 
1532876267 | http://localhost/index.php | /index.php?id=gbook <br> 
1532876302 | http://localhost/index.php | /index.php?id=gbook <br> 
1532876310 | http://localhost/index.php?id=gbook | /index.php?id=gbook <br> 
1532876384 | http://localhost/index.php?id=gbook | /index.php <br> 
1532876385 | http://localhost/index.php | /index.php?id=gbook <br> 
1532876391 | http://localhost/index.php?id=gbook | /index.php?id=gbook <br> 
1532876391 | http://localhost/index.php?id=gbook | /index.php?id=gbook <br> 
1532876464 | http://localhost/index.php?id=gbook | /index.php?id=gbook <br> 
1532876611 | http://localhost/index.php?id=gbook | /index.php?id=gbook <br> 
1532876612 | http://localhost/index.php?id=gbook | /index.php?id=gbook <br> 
1532876612 | http://localhost/index.php?id=gbook | /index.php?id=gbook <br> 
1532876612 | http://localhost/index.php?id=gbook | /index.php?id=gbook <br> 
1532876711 | http://localhost/index.php?id=gbook | /index.php?id=gbook <br> 
1532876713 | http://localhost/index.php?id=gbook | /index.php?id=log <br> 
1532876714 | http://localhost/index.php?id=log | /index.php?id=gbook <br> 
1532876718 | http://localhost/index.php?id=gbook | /index.php?id=gbook <br> 
1532876718 | http://localhost/index.php?id=gbook | /index.php?id=gbook <br> 
1532876719 | http://localhost/index.php?id=gbook | /index.php?id=gbook <br> 
1532876719 | http://localhost/index.php?id=gbook | /index.php?id=gbook <br> 
1532876720 | http://localhost/index.php?id=gbook | /index.php?id=gbook <br> 
1532876720 | http://localhost/index.php?id=gbook | /index.php?id=gbook <br> 
1532876720 | http://localhost/index.php?id=gbook | /index.php?id=gbook <br> 
1532876720 | http://localhost/index.php?id=gbook | /index.php?id=gbook <br> 
1532876720 | http://localhost/index.php?id=gbook | /index.php?id=gbook <br> 
1532876720 | http://localhost/index.php?id=gbook | /index.php?id=gbook <br> 
1532876721 | http://localhost/index.php?id=gbook | /index.php?id=gbook <br> 
1532876721 | http://localhost/index.php?id=gbook | /index.php?id=gbook <br> 
1532876721 | http://localhost/index.php?id=gbook | /index.php?id=gbook <br> 
1532876721 | http://localhost/index.php?id=gbook | /index.php?id=gbook <br> 
1532876721 | http://localhost/index.php?id=gbook | /index.php?id=gbook <br> 
1532876721 | http://localhost/index.php?id=gbook | /index.php?id=gbook <br> 
1532876721 | http://localhost/index.php?id=gbook | /index.php?id=gbook <br> 
1532876721 | http://localhost/index.php?id=gbook | /index.php?id=gbook <br> 
1532876724 | http://localhost/index.php?id=gbook | /index.php?id=gbook <br> 
1532876724 | http://localhost/index.php?id=gbook | /index.php?id=gbook <br> 
1532876725 | http://localhost/index.php?id=gbook | /index.php?id=gbook <br> 
1532876725 | http://localhost/index.php?id=gbook | /index.php?id=gbook <br> 
1532876770 | http://localhost/index.php?id=gbook | /index.php?id=gbook <br> 
1532876770 | http://localhost/index.php?id=gbook | /index.php?id=gbook <br> 
1532876833 | http://localhost/index.php?id=gbook | /index.php?id=gbook <br> 
1532876833 | http://localhost/index.php?id=gbook | /index.php?id=gbook <br> 
1532876833 | http://localhost/index.php?id=gbook | /index.php?id=gbook <br> 
1532876833 | http://localhost/index.php?id=gbook | /index.php?id=gbook <br> 
1532876833 | http://localhost/index.php?id=gbook | /index.php?id=gbook <br> 
1532876833 | http://localhost/index.php?id=gbook | /index.php?id=gbook <br> 
1532876837 | http://localhost/index.php?id=gbook | /index.php?id=gbook <br> 
1532876838 | http://localhost/index.php?id=gbook | /index.php?id=gbook <br> 
1532876839 | http://localhost/index.php?id=gbook | /index.php?id=gbook <br> 
1532876839 | http://localhost/index.php?id=gbook | /index.php?id=gbook <br> 
1532876860 | http://localhost/index.php?id=gbook | /index.php?id=gbook <br> 
1532876862 | http://localhost/index.php?id=gbook | /index.php?id=gbook <br> 
1532876862 | http://localhost/index.php?id=gbook | /index.php?id=gbook <br> 
1532876878 | http://localhost/index.php?id=gbook | /index.php?id=gbook <br> 
1532876923 | http://localhost/index.php?id=gbook | /index.php?id=gbook <br> 
1532876926 | http://localhost/index.php?id=gbook | /index.php?id=gbook <br> 
1532876926 | http://localhost/index.php?id=gbook | /index.php?id=gbook <br> 
1532876926 | http://localhost/index.php?id=gbook | /index.php?id=gbook <br> 
1532876926 | http://localhost/index.php?id=gbook | /index.php?id=gbook <br> 
1532876926 | http://localhost/index.php?id=gbook | /index.php?id=gbook <br> 
1532876926 | http://localhost/index.php?id=gbook | /index.php?id=gbook <br> 
1532876927 | http://localhost/index.php?id=gbook | /index.php?id=gbook <br> 
1532876927 | http://localhost/index.php?id=gbook | /index.php?id=gbook <br> 
1532876927 | http://localhost/index.php?id=gbook | /index.php?id=gbook <br> 
1532876927 | http://localhost/index.php?id=gbook | /index.php?id=gbook <br> 
1532876954 | http://localhost/index.php?id=gbook | /index.php?id=gbook <br> 
1532876995 | http://localhost/index.php?id=gbook | /index.php?id=gbook <br> 
1532876998 | http://localhost/index.php?id=gbook | /index.php?id=gbook <br> 
1532876998 | http://localhost/index.php?id=gbook | /index.php?id=gbook <br> 
1532876999 | http://localhost/index.php?id=gbook | /index.php?id=gbook <br> 
1532877000 | http://localhost/index.php?id=gbook | /index.php?id=gbook <br> 
1532877000 | http://localhost/index.php?id=gbook | /index.php?id=gbook <br> 
1532877000 | http://localhost/index.php?id=gbook | /index.php?id=gbook <br> 
1532877000 | http://localhost/index.php?id=gbook | /index.php?id=gbook <br> 
1532877001 | http://localhost/index.php?id=gbook | /index.php?id=gbook <br> 
1532877001 | http://localhost/index.php?id=gbook | /index.php?id=gbook <br> 
1532877001 | http://localhost/index.php?id=gbook | /index.php?id=gbook <br> 
1532877001 | http://localhost/index.php?id=gbook | /index.php?id=gbook <br> 
1532877001 | http://localhost/index.php?id=gbook | /index.php?id=gbook <br> 
1532877002 | http://localhost/index.php?id=gbook | /index.php?id=gbook <br> 
1532877002 | http://localhost/index.php?id=gbook | /index.php?id=gbook <br> 
1532877002 | http://localhost/index.php?id=gbook | /index.php?id=gbook <br> 
1532877002 | http://localhost/index.php?id=gbook | /index.php?id=gbook <br> 
1532877002 | http://localhost/index.php?id=gbook | /index.php?id=gbook <br> 
1532877003 | http://localhost/index.php?id=gbook | /index.php?id=gbook <br> 
1532877003 | http://localhost/index.php?id=gbook | /index.php?id=gbook <br> 
1532877003 | http://localhost/index.php?id=gbook | /index.php?id=gbook <br> 
1532877003 | http://localhost/index.php?id=gbook | /index.php?id=gbook <br> 
1532877003 | http://localhost/index.php?id=gbook | /index.php?id=gbook <br> 
1532877011 | http://localhost/index.php?id=gbook | /index.php?id=gbook&del=156 <br> 
1532877012 | http://localhost/index.php?id=gbook&del=156 | /index.php?id=gbook&del=156 <br> 
1532877013 | http://localhost/index.php?id=gbook&del=156 | /index.php?id=gbook&del=156 <br> 
1532877014 | http://localhost/index.php?id=gbook&del=156 | /index.php?id=gbook&del=156 <br> 
1532877014 | http://localhost/index.php?id=gbook&del=156 | /index.php?id=gbook&del=156 <br> 
1532877018 | http://localhost/index.php?id=gbook&del=156 | /index.php?id=gbook&del=156 <br> 
1532877052 | http://localhost/index.php?id=gbook&del=156 | /index.php?id=gbook&del=156 <br> 
1532877053 | http://localhost/index.php?id=gbook&del=156 | /index.php?id=gbook&del=156 <br> 
1532877054 | http://localhost/index.php?id=gbook&del=156 | /index.php?id=gbook&del=156 <br> 
1532877054 | http://localhost/index.php?id=gbook&del=156 | /index.php?id=gbook&del=156 <br> 
1532877077 | http://localhost/index.php?id=gbook&del=156 | /index.php?id=gbook&del=156 <br> 
1532877079 | http://localhost/index.php?id=gbook&del=156 | /index.php?id=gbook&del=156 <br> 
1532877081 | http://localhost/index.php?id=gbook&del=156 | /index.php?id=gbook&del=156 <br> 
1532877081 | http://localhost/index.php?id=gbook&del=156 | /index.php?id=gbook&del=156 <br> 
1532877083 | http://localhost/index.php?id=gbook&del=156 | /index.php?id=gbook&del=157 <br> 
1532877083 | http://localhost/index.php?id=gbook&del=157 | /index.php?id=gbook&del=157 <br> 
1532877084 | http://localhost/index.php?id=gbook&del=157 | /index.php?id=gbook&del=157 <br> 
1532877084 | http://localhost/index.php?id=gbook&del=157 | /index.php?id=gbook&del=157 <br> 
1532877085 | http://localhost/index.php?id=gbook&del=157 | /index.php?id=gbook&del=157 <br> 
1532877089 | http://localhost/index.php?id=gbook&del=157 | /index.php?id=gbook&del=155 <br> 
1532877091 | http://localhost/index.php?id=gbook&del=155 | /index.php?id=gbook&del=157 <br> 
1532877093 | http://localhost/index.php?id=gbook&del=157 | /index.php?id=gbook&del=156 <br> 
1532877095 | http://localhost/index.php?id=gbook&del=156 | /index.php?id=gbook&del=154 <br> 
1532877097 | http://localhost/index.php?id=gbook&del=154 | /index.php?id=gbook&del=157 <br> 
1532877117 | http://localhost/index.php?id=gbook&del=154 | /index.php?id=gbook&del=157 <br> 
1532877120 | http://localhost/index.php?id=gbook&del=157 | /index.php?id=gbook&del=156 <br> 
1532877121 | http://localhost/index.php?id=gbook&del=156 | /index.php?id=gbook&del=155 <br> 
1532877122 | http://localhost/index.php?id=gbook&del=155 | /index.php?id=gbook&del=154 <br> 
1532877123 | http://localhost/index.php?id=gbook&del=154 | /index.php?id=gbook&del=153 <br> 
1532877123 | http://localhost/index.php?id=gbook&del=153 | /index.php?id=gbook&del=152 <br> 
1532877124 | http://localhost/index.php?id=gbook&del=152 | /index.php?id=gbook&del=151 <br> 
1532877124 | http://localhost/index.php?id=gbook&del=151 | /index.php?id=gbook&del=150 <br> 
1532877125 | http://localhost/index.php?id=gbook&del=150 | /index.php?id=gbook&del=149 <br> 
1532877125 | http://localhost/index.php?id=gbook&del=149 | /index.php?id=gbook&del=148 <br> 
1532877125 | http://localhost/index.php?id=gbook&del=148 | /index.php?id=gbook&del=147 <br> 
1532877126 | http://localhost/index.php?id=gbook&del=147 | /index.php?id=gbook&del=146 <br> 
1532877126 | http://localhost/index.php?id=gbook&del=146 | /index.php?id=gbook&del=145 <br> 
1532877127 | http://localhost/index.php?id=gbook&del=145 | /index.php?id=gbook&del=144 <br> 
1532877127 | http://localhost/index.php?id=gbook&del=144 | /index.php?id=gbook&del=143 <br> 
1532877128 | http://localhost/index.php?id=gbook&del=143 | /index.php?id=gbook&del=142 <br> 
1532877128 | http://localhost/index.php?id=gbook&del=143 | /index.php?id=gbook&del=142 <br> 
1532877128 | http://localhost/index.php?id=gbook&del=142 | /index.php?id=gbook&del=141 <br> 
1532877128 | http://localhost/index.php?id=gbook&del=141 | /index.php?id=gbook&del=140 <br> 
1532877129 | http://localhost/index.php?id=gbook&del=140 | /index.php?id=gbook&del=139 <br> 
1532877132 | http://localhost/index.php?id=gbook&del=139 | /index.php?id=gbook&del=138 <br> 
1532877133 | http://localhost/index.php?id=gbook&del=138 | /index.php?id=gbook&del=137 <br> 
1532877141 | http://localhost/index.php?id=gbook&del=137 | /index.php?id=gbook&del=137 <br> 
1532877141 | http://localhost/index.php?id=gbook&del=137 | /index.php?id=gbook&del=137 <br> 
1532877544 | http://localhost/index.php?id=gbook&del=137 | /index.php?id=gbook&del=137 <br> 
1532877665 | http://localhost/index.php?id=gbook&del=137 | /index.php?id=gbook&del=137 <br> 
1532877740 | http://localhost/index.php?id=gbook&del=137 | /index.php?id=gbook&del=137 <br> 
1532877741 | http://localhost/index.php?id=gbook&del=137 | /index.php?id=gbook&del=137 <br> 
1532877741 | http://localhost/index.php?id=gbook&del=137 | /index.php?id=gbook&del=137 <br> 
1532877741 | http://localhost/index.php?id=gbook&del=137 | /index.php?id=gbook&del=137 <br> 
1532877745 | http://localhost/index.php?id=gbook&del=137 | /index.php?id=gbook&del=160 <br> 
1532877747 | http://localhost/index.php?id=gbook&del=160 | /index.php?id=gbook&del=159 <br> 
1532877748 | http://localhost/index.php?id=gbook&del=159 | /index.php?id=gbook&del=158 <br> 
1532877750 | http://localhost/index.php?id=gbook&del=158 | /index.php?id=gbook&del=158 <br> 
1532877750 | http://localhost/index.php?id=gbook&del=158 | /index.php?id=gbook&del=158 <br> 
1532877752 | http://localhost/index.php?id=gbook&del=158 | /index.php?id=gbook&del=161 <br> 
1532877753 | http://localhost/index.php?id=gbook&del=161 | /index.php?id=gbook&del=161 <br> 
1532877753 | http://localhost/index.php?id=gbook&del=161 | /index.php?id=gbook&del=161 <br> 
1532877754 | http://localhost/index.php?id=gbook&del=161 | /index.php?id=gbook&del=161 <br> 
1532877754 | http://localhost/index.php?id=gbook&del=161 | /index.php?id=gbook&del=161 <br> 
1532877755 | http://localhost/index.php?id=gbook&del=161 | /index.php?id=gbook&del=161 <br> 
1532877755 | http://localhost/index.php?id=gbook&del=161 | /index.php?id=gbook&del=161 <br> 
1532877757 | http://localhost/index.php?id=gbook&del=161 | /index.php?id=gbook&del=163 <br> 
1532877758 | http://localhost/index.php?id=gbook&del=163 | /index.php?id=gbook&del=164 <br> 
1532877759 | http://localhost/index.php?id=gbook&del=164 | /index.php?id=gbook&del=162 <br> 
1532877760 | http://localhost/index.php?id=gbook&del=162 | /index.php?id=gbook&del=162 <br> 
1532877760 | http://localhost/index.php?id=gbook&del=162 | /index.php?id=gbook&del=162 <br> 
1532877761 | http://localhost/index.php?id=gbook&del=162 | /index.php?id=gbook&del=162 <br> 
1532877761 | http://localhost/index.php?id=gbook&del=162 | /index.php?id=gbook&del=162 <br> 
1532877761 | http://localhost/index.php?id=gbook&del=162 | /index.php?id=gbook&del=162 <br> 
1532877761 | http://localhost/index.php?id=gbook&del=162 | /index.php?id=gbook&del=162 <br> 
1532877761 | http://localhost/index.php?id=gbook&del=162 | /index.php?id=gbook&del=162 <br> 
1532877761 | http://localhost/index.php?id=gbook&del=162 | /index.php?id=gbook&del=162 <br> 
1532877762 | http://localhost/index.php?id=gbook&del=162 | /index.php?id=gbook&del=162 <br> 
1532877762 | http://localhost/index.php?id=gbook&del=162 | /index.php?id=gbook&del=162 <br> 
1532877762 | http://localhost/index.php?id=gbook&del=162 | /index.php?id=gbook&del=162 <br> 
1532877762 | http://localhost/index.php?id=gbook&del=162 | /index.php?id=gbook&del=162 <br> 
1532877764 | http://localhost/index.php?id=gbook&del=162 | /index.php?id=gbook&del=168 <br> 
1532877765 | http://localhost/index.php?id=gbook&del=168 | /index.php?id=gbook&del=170 <br> 
1532877766 | http://localhost/index.php?id=gbook&del=170 | /index.php?id=gbook&del=169 <br> 
1532877766 | http://localhost/index.php?id=gbook&del=169 | /index.php?id=gbook&del=167 <br> 
1532877766 | http://localhost/index.php?id=gbook&del=167 | /index.php?id=gbook&del=166 <br> 
1532877767 | http://localhost/index.php?id=gbook&del=166 | /index.php?id=gbook&del=165 <br> 
1532877900 | http://localhost/index.php?id=gbook&del=165 | /index.php?id=gbook&del=165 <br> 
1532877900 | http://localhost/index.php?id=gbook&del=165 | /index.php?id=gbook&del=165 <br> 
1532877932 | http://localhost/index.php?id=gbook&del=165 | /index.php?id=gbook&del=165 <br> 
1532877932 | http://localhost/index.php?id=gbook&del=165 | /index.php?id=gbook&del=165 <br> 
1532877934 | http://localhost/index.php?id=gbook&del=165 | /index.php?id=gbook&del=165 <br> 
1532877934 | http://localhost/index.php?id=gbook&del=165 | /index.php?id=gbook&del=165 <br> 
1532877935 | http://localhost/index.php?id=gbook&del=165 | /index.php?id=gbook&del=165 <br> 
1532877935 | http://localhost/index.php?id=gbook&del=165 | /index.php?id=gbook&del=165 <br> 
1532877936 | http://localhost/index.php?id=gbook&del=165 | /index.php?id=gbook&del=165 <br> 
1532877936 | http://localhost/index.php?id=gbook&del=165 | /index.php?id=gbook&del=165 <br> 
1532877937 | http://localhost/index.php?id=gbook&del=165 | /index.php?id=gbook&del=165 <br> 
1532877937 | http://localhost/index.php?id=gbook&del=165 | /index.php?id=gbook&del=165 <br> 
1532877937 | http://localhost/index.php?id=gbook&del=165 | /index.php?id=gbook&del=165 <br> 
1532877937 | http://localhost/index.php?id=gbook&del=165 | /index.php?id=gbook&del=165 <br> 
1532877937 | http://localhost/index.php?id=gbook&del=165 | /index.php?id=gbook&del=165 <br> 
1532877937 | http://localhost/index.php?id=gbook&del=165 | /index.php?id=gbook&del=165 <br> 
1532877937 | http://localhost/index.php?id=gbook&del=165 | /index.php?id=gbook&del=165 <br> 
1532877938 | http://localhost/index.php?id=gbook&del=165 | /index.php?id=gbook&del=165 <br> 
1532877938 | http://localhost/index.php?id=gbook&del=165 | /index.php?id=gbook&del=165 <br> 
1532877938 | http://localhost/index.php?id=gbook&del=165 | /index.php?id=gbook&del=165 <br> 
1532877939 | http://localhost/index.php?id=gbook&del=165 | /index.php?id=gbook&del=165 <br> 
1532877939 | http://localhost/index.php?id=gbook&del=165 | /index.php?id=gbook&del=165 <br> 
1532877939 | http://localhost/index.php?id=gbook&del=165 | /index.php?id=gbook&del=165 <br> 
1532877939 | http://localhost/index.php?id=gbook&del=165 | /index.php?id=gbook&del=165 <br> 
1532877939 | http://localhost/index.php?id=gbook&del=165 | /index.php?id=gbook&del=165 <br> 
1532877939 | http://localhost/index.php?id=gbook&del=165 | /index.php?id=gbook&del=165 <br> 
1532877940 | http://localhost/index.php?id=gbook&del=165 | /index.php?id=gbook&del=165 <br> 
1532877940 | http://localhost/index.php?id=gbook&del=165 | /index.php?id=gbook&del=165 <br> 
1532878056 | http://localhost/index.php?id=gbook&del=165 | /index.php?id=gbook&del=165 <br> 
1532878064 | http://localhost/index.php?id=gbook&del=165 | /index.php?id=gbook&del=165 <br> 
1532878205 | http://localhost/index.php?id=gbook&del=165 | /index.php <br> 
1532878206 | http://localhost/index.php | /index.php?id=contact <br> 
1532878213 | http://localhost/index.php?id=contact | /index.php?id=about <br> 
1532878214 | http://localhost/index.php?id=about | /index.php?id=info <br> 
1532878217 | http://localhost/test/index.php | /index.php <br> 
1532878219 | http://localhost/index.php | /index.php?id=log <br> 
1532878226 | http://localhost/index.php?id=log | /index.php?id=log <br> 
1532878227 | http://localhost/index.php?id=log | /index.php?id=gbook <br> 
1532878229 | http://localhost/index.php?id=gbook | /index.php?id=gbook <br> 
1532878229 | http://localhost/index.php?id=gbook | /index.php?id=gbook <br> 
1533020261 | http://localhost/eshop/ | / <br> 
1533020264 | http://localhost/ | /index.php <br> 
1533020265 | http://localhost/index.php | /index.php?id=contact <br> 
1533020266 | http://localhost/index.php?id=contact | /index.php?id=about <br> 
1533020267 | http://localhost/index.php?id=about | /index.php?id=info <br> 
1533020269 | http://localhost/test/index.php | /index.php <br> 
1533020270 | http://localhost/index.php | /index.php?id=log <br> 
